<?xml version="1.0" encoding="UTF-8"?>
<!-- Generated by org.testng.reporters.JUnitXMLReporter -->
<testsuite hostname="LAPTOP-1FO1BQSA" ignored="0" name="Test" tests="8" failures="0" timestamp="2022-10-20T17:32:24 IST" time="7.871" errors="0">
  <testcase name="signInTest" time="0.8" classname="com.mAadhar.testing.LoginServiceTest"/>
  <testcase name="signUpTest" time="0.419" classname="com.mAadhar.testing.LoginServiceTest"/>
  <testcase name="approveRequestTest" time="0.693" classname="com.mAadhar.testing.RequestServiceTest"/>
  <testcase name="denyRequestTest" time="0.226" classname="com.mAadhar.testing.RequestServiceTest"/>
  <testcase name="getAllRequestsTest" time="0.129" classname="com.mAadhar.testing.RequestServiceTest"/>
  <testcase name="storeRequestTest" time="0.147" classname="com.mAadhar.testing.RequestServiceTest"/>
  <testcase name="updateAdharTest" time="0.126" classname="com.mAadhar.testing.RequestServiceTest"/>
  <testcase name="viewmyAdharTest" time="0.13" classname="com.mAadhar.testing.RequestServiceTest"/>
</testsuite> <!-- Test -->
